* Sat  4 Sep 2021 14:07:30 +0530
* Sat Sep  4 13:38:22 UTC 2021 DATA_SET
* Sat Sep  4 14:37:21 UTC 2021 DATA_SET
* Sat Sep  4 16:08:09 UTC 2021 AUTO_OCR
* Sat Sep  4 17:45:56 UTC 2021
* Sat Sep  4 17:46:43 UTC 2021 AUTO_OCR
* Sat Sep  4 19:33:23 UTC 2021
* Sat Sep  4 19:33:57 UTC 2021 AUTO_OCR
* Sat Sep  4 19:34:25 UTC 2021 POST_SCRAPE
* Sun Sep  5 00:32:45 UTC 2021 DATA_SET
* Sun Sep  5 01:07:50 UTC 2021
* Sun Sep  5 01:08:20 UTC 2021 AUTO_OCR
* Sun Sep  5 01:08:53 UTC 2021 POST_SCRAPE
* Mon Sep  6 00:33:07 UTC 2021 DATA_SET
* Mon Sep  6 01:11:15 UTC 2021
* Mon Sep  6 01:11:52 UTC 2021 AUTO_OCR
* Mon Sep  6 01:12:22 UTC 2021 POST_SCRAPE
* Mon Sep  6 02:03:42 UTC 2021
* Mon Sep  6 02:04:42 UTC 2021 AUTO_OCR
* Mon Sep  6 02:05:14 UTC 2021 POST_SCRAPE
* Tue Sep  7 00:28:36 UTC 2021 DATA_SET
* Tue Sep  7 01:02:36 UTC 2021
* Tue Sep  7 01:03:23 UTC 2021 AUTO_OCR
* Tue Sep  7 01:04:00 UTC 2021 POST_SCRAPE
* Wed Sep  8 00:29:02 UTC 2021 DATA_SET
* Wed Sep  8 01:03:16 UTC 2021
* Wed Sep  8 01:04:06 UTC 2021 AUTO_OCR
* Wed Sep  8 01:05:04 UTC 2021 POST_SCRAPE
* Thu Sep  9 00:31:38 UTC 2021 DATA_SET
* Thu Sep  9 01:08:21 UTC 2021
* Thu Sep  9 01:08:52 UTC 2021 AUTO_OCR
* Thu Sep  9 01:09:18 UTC 2021 POST_SCRAPE
* Fri Sep 10 00:33:03 UTC 2021 DATA_SET
* Fri Sep 10 01:09:02 UTC 2021
* Fri Sep 10 01:10:08 UTC 2021 AUTO_OCR
* Fri Sep 10 01:10:40 UTC 2021 POST_SCRAPE
